/*C4*/SET SCHEMA PUBLIC
CONNECT USER SA
/*C5*/SET SCHEMA PUBLIC
CONNECT USER SA
DISCONNECT
/*C6*/SET SCHEMA PUBLIC
CONNECT USER SA
INSERT INTO CADASTRO VALUES(323434,'maria da gloria','pedro marques',66,'Masculino','criciuma','sc')
DISCONNECT
/*C7*/SET SCHEMA PUBLIC
CONNECT USER SA
DISCONNECT
/*C8*/SET SCHEMA PUBLIC
CONNECT USER SA
DISCONNECT
/*C9*/SET SCHEMA PUBLIC
CONNECT USER SA
DISCONNECT
/*C10*/SET SCHEMA PUBLIC
CONNECT USER SA
SET AUTOCOMMIT FALSE
DELETE FROM CADASTRO WHERE CPF=3232323
INSERT INTO CADASTRO VALUES(3232323,'augusto','pedro',23,'Masculino','criciuma','sc')
SET AUTOCOMMIT TRUE
DISCONNECT
